<?xml version="1.0" encoding="UTF-8"?>
<!-- Generated by org.testng.reporters.JUnitReportReporter -->
<testsuite hostname="RMDVHPDVAS2090V" name="testcases.TC001_Add_Organization" tests="2" failures="0" timestamp="11 May 2016 12:54:28 GMT" time="22.589" errors="0">
  <testcase name="addOrganization" time="10.848" classname="testcases.TC001_Add_Organization"/>
  <testcase name="addOrganization" time="11.741" classname="testcases.TC001_Add_Organization"/>
</testsuite> <!-- testcases.TC001_Add_Organization -->
