<?xml version="1.0" encoding="UTF-8"?>
<!-- Generated by org.testng.reporters.JUnitReportReporter -->
<testsuite hostname="RMDVHPDVAS2090V" name="testcases.TC010_Modify_Country" tests="1" failures="0" timestamp="9 May 2016 05:19:16 GMT" time="10.419" errors="0">
  <testcase name="updateCountry" time="10.419" classname="testcases.TC010_Modify_Country"/>
</testsuite> <!-- testcases.TC010_Modify_Country -->
