<?xml version="1.0" encoding="UTF-8"?>
<!-- Generated by org.testng.reporters.JUnitReportReporter -->
<testsuite hostname="RMDVHPDVAS2090V" name="testcases.TC002_Update_Organization" tests="1" failures="0" timestamp="9 May 2016 05:19:16 GMT" time="10.842" errors="0">
  <testcase name="updateOrganization" time="10.842" classname="testcases.TC002_Update_Organization"/>
</testsuite> <!-- testcases.TC002_Update_Organization -->
