<?xml version="1.0" encoding="UTF-8"?>
<!-- Generated by org.testng.reporters.JUnitReportReporter -->
<testsuite hostname="RMDVHPDVAS2090V" name="testcases.TC011_Delete_Country" tests="2" failures="0" timestamp="11 May 2016 12:54:28 GMT" time="19.213" errors="0">
  <testcase name="deleteCountry" time="8.965" classname="testcases.TC011_Delete_Country"/>
  <testcase name="deleteCountry" time="10.248" classname="testcases.TC011_Delete_Country"/>
</testsuite> <!-- testcases.TC011_Delete_Country -->
