<?xml version="1.0" encoding="UTF-8"?>
<!-- Generated by org.testng.reporters.JUnitReportReporter -->
<testsuite hostname="RMDVHPDVAS2090V" name="testcases.TC006_Add_new_Airline" tests="2" failures="0" timestamp="11 May 2016 12:54:28 GMT" time="8.396" errors="0">
  <testcase name="addNewAirline" time="3.876" classname="testcases.TC006_Add_new_Airline"/>
  <testcase name="addNewAirline" time="4.520" classname="testcases.TC006_Add_new_Airline"/>
</testsuite> <!-- testcases.TC006_Add_new_Airline -->
