<?xml version="1.0" encoding="UTF-8"?>
<!-- Generated by org.testng.reporters.JUnitReportReporter -->
<testsuite hostname="RMDVHPDVAS2090V" name="testcases.TC003_Delete_Organization" tests="1" failures="0" timestamp="9 May 2016 05:19:16 GMT" time="10.510" errors="0">
  <testcase name="deleteOrganization" time="10.510" classname="testcases.TC003_Delete_Organization"/>
</testsuite> <!-- testcases.TC003_Delete_Organization -->
