<?xml version="1.0" encoding="UTF-8"?>
<!-- Generated by org.testng.reporters.JUnitReportReporter -->
<testsuite hostname="RMDVHPDVAS2090V" name="testcases.TC004_Suspend_Agency" tests="2" failures="0" timestamp="11 May 2016 12:54:28 GMT" time="20.774" errors="0">
  <testcase name="suspendAgency" time="10.701" classname="testcases.TC004_Suspend_Agency"/>
  <testcase name="suspendAgency" time="10.073" classname="testcases.TC004_Suspend_Agency"/>
</testsuite> <!-- testcases.TC004_Suspend_Agency -->
