<?xml version="1.0" encoding="UTF-8"?>
<!-- Generated by org.testng.reporters.JUnitReportReporter -->
<testsuite hostname="RMDVHPDVAS2090V" name="testcases.TC001_Add_Organization" tests="1" failures="0" timestamp="9 May 2016 05:19:16 GMT" time="11.464" errors="0">
  <testcase name="addOrganization" time="11.464" classname="testcases.TC001_Add_Organization"/>
</testsuite> <!-- testcases.TC001_Add_Organization -->
