<?xml version="1.0" encoding="UTF-8"?>
<!-- Generated by org.testng.reporters.JUnitReportReporter -->
<testsuite hostname="RMDVHPDVAS2090V" name="testcases.TC009_Add_New_Country" tests="2" failures="0" timestamp="11 May 2016 12:54:28 GMT" time="9.988" errors="0">
  <testcase name="addNewCountry" time="4.944" classname="testcases.TC009_Add_New_Country"/>
  <testcase name="addNewCountry" time="5.044" classname="testcases.TC009_Add_New_Country"/>
</testsuite> <!-- testcases.TC009_Add_New_Country -->
