<?xml version="1.0" encoding="UTF-8"?>
<!-- Generated by org.testng.reporters.JUnitReportReporter -->
<testsuite hostname="RMDVHPDVAS2090V" name="testcases.TC004_Suspend_Agency" tests="1" failures="0" timestamp="9 May 2016 05:19:16 GMT" time="10.523" errors="0">
  <testcase name="suspendAgency" time="10.523" classname="testcases.TC004_Suspend_Agency"/>
</testsuite> <!-- testcases.TC004_Suspend_Agency -->
