<?xml version="1.0" encoding="UTF-8"?>
<!-- Generated by org.testng.reporters.JUnitReportReporter -->
<testsuite hostname="RMDVHPDVAS2090V" name="testcases.TC010_Modify_Country" tests="2" failures="0" timestamp="11 May 2016 12:54:28 GMT" time="20.252" errors="0">
  <testcase name="updateCountry" time="9.433" classname="testcases.TC010_Modify_Country"/>
  <testcase name="updateCountry" time="10.819" classname="testcases.TC010_Modify_Country"/>
</testsuite> <!-- testcases.TC010_Modify_Country -->
