<?xml version="1.0" encoding="UTF-8"?>
<!-- Generated by org.testng.reporters.JUnitReportReporter -->
<testsuite hostname="RMDVHPDVAS2090V" name="testcases.TC008_Delete_Airline" tests="1" failures="0" timestamp="9 May 2016 05:19:16 GMT" time="17.933" errors="0">
  <testcase name="deleteAirline" time="17.933" classname="testcases.TC008_Delete_Airline"/>
</testsuite> <!-- testcases.TC008_Delete_Airline -->
