<?xml version="1.0" encoding="UTF-8"?>
<!-- Generated by org.testng.reporters.JUnitReportReporter -->
<testsuite hostname="RMDVHPDVAS2090V" name="testcases.TC008_Delete_Airline" tests="2" failures="0" timestamp="11 May 2016 12:54:28 GMT" time="32.740" errors="0">
  <testcase name="deleteAirline" time="16.785" classname="testcases.TC008_Delete_Airline"/>
  <testcase name="deleteAirline" time="15.955" classname="testcases.TC008_Delete_Airline"/>
</testsuite> <!-- testcases.TC008_Delete_Airline -->
