<?xml version="1.0" encoding="UTF-8"?>
<!-- Generated by org.testng.reporters.JUnitReportReporter -->
<testsuite hostname="RMDVHPDVAS2090V" name="testcases.TC005_Activate_Agency" tests="2" failures="0" timestamp="11 May 2016 12:54:28 GMT" time="20.405" errors="0">
  <testcase name="activateAgency" time="10.636" classname="testcases.TC005_Activate_Agency"/>
  <testcase name="activateAgency" time="9.769" classname="testcases.TC005_Activate_Agency"/>
</testsuite> <!-- testcases.TC005_Activate_Agency -->
