<?xml version="1.0" encoding="UTF-8"?>
<!-- Generated by org.testng.reporters.JUnitReportReporter -->
<testsuite hostname="RMDVHPDVAS2090V" name="testcases.TC009_Add_New_Country" tests="1" failures="0" timestamp="9 May 2016 05:19:16 GMT" time="4.851" errors="0">
  <testcase name="addNewCountry" time="4.851" classname="testcases.TC009_Add_New_Country"/>
</testsuite> <!-- testcases.TC009_Add_New_Country -->
