<?xml version="1.0" encoding="UTF-8"?>
<!-- Generated by org.testng.reporters.JUnitReportReporter -->
<testsuite hostname="RMDVHPDVAS2090V" name="testcases.TC005_Activate_Agency" tests="1" failures="0" timestamp="9 May 2016 05:19:16 GMT" time="10.788" errors="0">
  <testcase name="activateAgency" time="10.788" classname="testcases.TC005_Activate_Agency"/>
</testsuite> <!-- testcases.TC005_Activate_Agency -->
