<?xml version="1.0" encoding="UTF-8"?>
<!-- Generated by org.testng.reporters.JUnitReportReporter -->
<testsuite hostname="RMDVHPDVAS2090V" name="testcases.TC011_Delete_Country" tests="1" failures="0" timestamp="9 May 2016 05:19:16 GMT" time="8.890" errors="0">
  <testcase name="deleteCountry" time="8.890" classname="testcases.TC011_Delete_Country"/>
</testsuite> <!-- testcases.TC011_Delete_Country -->
