<?xml version="1.0" encoding="UTF-8"?>
<!-- Generated by org.testng.reporters.JUnitReportReporter -->
<testsuite hostname="RMDVHPDVAS2090V" name="testcases.TC002_Update_Organization" tests="2" failures="0" timestamp="11 May 2016 12:54:28 GMT" time="22.820" errors="0">
  <testcase name="updateOrganization" time="11.019" classname="testcases.TC002_Update_Organization"/>
  <testcase name="updateOrganization" time="11.801" classname="testcases.TC002_Update_Organization"/>
</testsuite> <!-- testcases.TC002_Update_Organization -->
