<?xml version="1.0" encoding="UTF-8"?>
<!-- Generated by org.testng.reporters.JUnitReportReporter -->
<testsuite hostname="RMDVHPDVAS2090V" name="testcases.TC006_Add_new_Airline" tests="1" failures="0" timestamp="9 May 2016 05:19:16 GMT" time="4.733" errors="0">
  <testcase name="addNewAirline" time="4.733" classname="testcases.TC006_Add_new_Airline"/>
</testsuite> <!-- testcases.TC006_Add_new_Airline -->
