<?xml version="1.0" encoding="UTF-8"?>
<!-- Generated by org.testng.reporters.JUnitReportReporter -->
<testsuite hostname="RMDVHPDVAS2090V" name="testcases.TC007_Modify_Airline" tests="1" failures="0" timestamp="9 May 2016 05:19:16 GMT" time="10.246" errors="0">
  <testcase name="modifyAirline" time="10.246" classname="testcases.TC007_Modify_Airline"/>
</testsuite> <!-- testcases.TC007_Modify_Airline -->
