<?xml version="1.0" encoding="UTF-8"?>
<!-- Generated by org.testng.reporters.JUnitReportReporter -->
<testsuite hostname="RMDVHPDVAS2090V" name="testcases.TC007_Modify_Airline" tests="2" failures="0" timestamp="11 May 2016 12:54:28 GMT" time="19.417" errors="0">
  <testcase name="modifyAirline" time="9.227" classname="testcases.TC007_Modify_Airline"/>
  <testcase name="modifyAirline" time="10.190" classname="testcases.TC007_Modify_Airline"/>
</testsuite> <!-- testcases.TC007_Modify_Airline -->
