<?xml version="1.0" encoding="UTF-8"?>
<!-- Generated by org.testng.reporters.JUnitReportReporter -->
<testsuite hostname="RMDVHPDVAS2090V" name="testcases.TC003_Delete_Organization" tests="2" failures="0" timestamp="11 May 2016 12:54:28 GMT" time="19.861" errors="0">
  <testcase name="deleteOrganization" time="9.402" classname="testcases.TC003_Delete_Organization"/>
  <testcase name="deleteOrganization" time="10.459" classname="testcases.TC003_Delete_Organization"/>
</testsuite> <!-- testcases.TC003_Delete_Organization -->
